{
    "target": "/home/andi/code/c/ZaiDAQ/zdaq",
    "sources": {
        "/home/andi/code/c/ZaiDAQ/zdaq.c": {
            "handle": [
                "gcc"
            ]
        }
    },
    "include": [
        "/home/andi/code/c/ZDK/ZTM",
        "/home/andi/code/c/ZDK/ZTL",
        "/home/andi/code/c/ZDK/ZDX"
    ],
    "link": {
        "handle": [
            "gcc"
        ],
        "lib": [
            "ZTM",
            "ZTL",
            "ZDX"
        ]
    },
    "zmake": "250906",
    "host": {
        "['date']": [
            "2025-09-06T17:08:48 CEST"
        ],
        "['zmake', '--version']": [
            "zmake-v250906"
        ],
        "['neofetch', '--stdout']": [
            "andi@ztk-dt-andi ",
            "---------------- ",
            "OS: LMDE 6 (faye) x86_64 ",
            "Kernel: 6.12.38+deb12-rt-amd64 ",
            "Uptime: 6 hours, 42 mins ",
            "Packages: 3173 (dpkg), 51 (flatpak) ",
            "Shell: bash 5.2.15 ",
            "Resolution: 1920x1080 ",
            "DE: Cinnamon 6.4.8 ",
            "WM: Mutter (Muffin) ",
            "WM Theme: Mint-Y-Dark-Red (Mint-Y) ",
            "Theme: Mint-Y-Dark-Red [GTK2/3] ",
            "Icons: Mint-Y-Yaru [GTK2/3] ",
            "Terminal: gnome-terminal ",
            "CPU: AMD Ryzen 7 5700X3D (16) @ 4.149GHz ",
            "GPU: AMD ATI Radeon RX 7700 XT / 7800 XT ",
            "Memory: 2682MiB / 15918MiB "
        ],
        "['gcc', '--version']": [
            "gcc (Debian 12.2.0-14+deb12u1) 12.2.0",
            "Copyright (C) 2022 Free Software Foundation, Inc.",
            "This is free software; see the source for copying conditions.  There is NO",
            "warranty; not even for MERCHANTABILITY or FITNESS FOR A PARTICULAR PURPOSE."
        ],
        "['g++', '--version']": [
            "g++ (Debian 12.2.0-14+deb12u1) 12.2.0",
            "Copyright (C) 2022 Free Software Foundation, Inc.",
            "This is free software; see the source for copying conditions.  There is NO",
            "warranty; not even for MERCHANTABILITY or FITNESS FOR A PARTICULAR PURPOSE."
        ]
    },
    "commands": {
        "compile": [
            [
                "gcc",
                "-O3",
                "-flto",
                "-fexpensive-optimizations",
                "-Wfatal-errors",
                "-Werror",
                "-Wall",
                "-Wextra",
                "-I/home/andi/code/c/ZDK/ZTM",
                "-I/home/andi/code/c/ZDK/ZTL",
                "-I/home/andi/code/c/ZDK/ZDX",
                "-c",
                "/home/andi/code/c/ZaiDAQ/zdaq.c",
                "-o",
                "/home/andi/code/c/ZaiDAQ/zdaq.c.o"
            ]
        ],
        "link": [
            [
                "gcc",
                "/home/andi/code/c/ZaiDAQ/zdaq.c.o",
                "-o",
                "/home/andi/code/c/ZaiDAQ/zdaq",
                "-O3",
                "-flto",
                "-s",
                "-L/home/andi/code/c/ZDK/ZTM",
                "-L/home/andi/code/c/ZDK/ZTL",
                "-L/home/andi/code/c/ZDK/ZDX",
                "-lZTM",
                "-lZTL",
                "-lZDX"
            ]
        ],
        "clean": [
            [
                "rm",
                "/home/andi/code/c/ZaiDAQ/zdaq.c.o"
            ]
        ],
        "finish": []
    },
    "sign": {
        "['md5sum', '/home/andi/code/c/ZaiDAQ/zdaq']": [
            "57eec4522695a995054e4440d7637cd3"
        ],
        "['sha1sum', '/home/andi/code/c/ZaiDAQ/zdaq']": [
            "720eca6e9a28c794fde0ce18fa7b2303fed97518"
        ],
        "['sha256sum', '/home/andi/code/c/ZaiDAQ/zdaq']": [
            "6dcf68c217d9772ae73e1ba3062f8a63dbabe4e99d05fe96eed5848e0c09405e"
        ]
    }
}